The Digit data set imported has  1797  data.
It comes in pixels format of 8x8, for example:
[ 0.  0.  5. 13.  9.  1.  0.  0.  0.  0. 13. 15. 10. 15.  5.  0.  0.  3.
 15.  2.  0. 11.  8.  0.  0.  4. 12.  0.  0.  8.  8.  0.  0.  5.  8.  0.
  0.  9.  8.  0.  0.  4. 11.  0.  1. 12.  7.  0.  0.  2. 14.  5. 10. 12.
  0.  0.  0.  0.  6. 13. 10.  0.  0.  0.]
The results are the digit itself: 
[0 1 2 ... 8 9 8]
Accuracy score for  Nearest Neighbors  	:  0.9632925472747497
Accuracy score for  Linear SVM  		:  0.9443826473859844
Accuracy score for  RBF SVM  			:  0.9688542825361512
Accuracy score for  Gaussian Process  	:  0.10233592880978866
Accuracy score for  Decision Tree  		:  0.6362625139043382
Accuracy score for  Random Forest  		:  0.7486095661846496
Accuracy score for  Neural Net  		:  0.9488320355951056
Accuracy score for  AdaBoost  			:  0.25472747497219134
Accuracy score for  Naive Bayes  		:  0.8075639599555061
Accuracy score for  QDA  				:  0.7408231368186874
With all the classifier compared, the best one for this data set is 
RBF SVM with accuracy of 0.9688542825361512
